BINARIES
========

Node:
  12.13.0 - /c/Program Files/nodejs/node
NPM:
  6.14.8 - /c/Program Files/nodejs/npm
Yarn:
  1.22.4 - /c/Users/thomas.williams.THETRADEDESK/AppData/Roaming/npm/yarn

PROCESS
=======

ID:
  25212
Title:
  npm
Timestamp:
  2020-08-21T14:21:06.179Z
CWD:
  C:\repos\18xx-renderer
ARGV:
  - C:\Program Files\nodejs\node.exe
  - C:\repos\18xx-renderer\node_modules\@beemo\cli\bin\beemo.js
  - eslint
  - ./src
  - --fix

SYSTEM
======

OS:
  win32
Architecture:
  x64
CPUs:
  12
Uptime (sec):
  48470
Memory usage:
  11.49 MB

BEEMO
=====

App name:
  beemo
App path:
  C:/repos/18xx-renderer/node_modules/@beemo/core
Plugin types:
  reporter, driver, script
Scoped package:
  Yes
Root:
  C:/repos/18xx-renderer
Config name:
  beemo
Package path:
  C:/repos/18xx-renderer/package.json
Workspaces root:
  (Not enabled)
Extending configs:
  (Not extending)

BEEMO PACKAGES
==============


BOOST PACKAGES
==============


LANGUAGES
=========

Bash:
  4.4.23 - /usr/bin/bash
Perl:
  5.30.2 - /usr/bin/perl
Python:
  3.7.7 - /c/Python37/python

STACK TRACE
===========

    at makeError (C:\repos\18xx-renderer\node_modules\@boost\core\node_modules\execa\lib\error.js:56:11)
    at handlePromise (C:\repos\18xx-renderer\node_modules\@boost\core\node_modules\execa\index.js:114:26)
    at processTicksAndRejections (internal/process/task_queues.js:93:5)

ENVIRONMENT
===========

ALLUSERSPROFILE:
  C:\ProgramData
APPDATA:
  C:\Users\thomas.williams.THETRADEDESK\AppData\Roaming
APPLICATION_INSIGHTS_NO_DIAGNOSTIC_CHANNEL:
  true
ASPNETCORE_ENVIRONMENT:
  Development
AdPlatformRoot:
  c:\dev\adplatform
BOOSTJS_DEBUG_GLOBAL_NAMESPACE:
  beemo
CLASSPATH:
  .;
COLORTERM:
  truecolor
COMMONPROGRAMFILES:
  C:\Program Files\Common Files
COMPUTERNAME:
  TWILLIAMS2
COMSPEC:
  C:\WINDOWS\system32\cmd.exe
ChocolateyInstall:
  C:\ProgramData\chocolatey
ChocolateyLastPathUpdate:
  132375085039944301
ChocolateyToolsLocation:
  C:\tools
CommandPromptType:
  Native
CommonProgramFiles(x86):
  C:\Program Files (x86)\Common Files
CommonProgramW6432:
  C:\Program Files\Common Files
DevEnvDir:
  C:\Program Files (x86)\Microsoft Visual Studio\2019\professional\Common7\IDE\
DriverData:
  C:\Windows\System32\Drivers\DriverData
EXEPATH:
  C:\Program Files\Git\bin
EnableNuGetPackageRestore:
  true
ExtensionSdkDir:
  C:\Program Files (x86)\Microsoft SDKs\Windows Kits\10\ExtensionSDKs
FPS_BROWSER_APP_PROFILE_STRING:
  Internet Explorer
FPS_BROWSER_USER_PROFILE_STRING:
  Default
FSHARPINSTALLDIR:
  C:\Program Files (x86)\Microsoft Visual Studio\2019\professional\Common7\IDE\CommonExtensions\Microsoft\FSharp\
Framework40Version:
  v4.0
FrameworkDIR32:
  C:\WINDOWS\Microsoft.NET\Framework\
FrameworkDir:
  C:\WINDOWS\Microsoft.NET\Framework\
FrameworkVersion:
  v4.0.30319
FrameworkVersion32:
  v4.0.30319
GIT_ASKPASS:
  c:\Users\thomas.williams.THETRADEDESK\AppData\Local\Programs\Microsoft VS Code\resources\app\extensions\git\dist\askpass.sh
GL_TOKEN:
  xqe3s13jcyvdoSTK4C8Y
GYP_MSVS_VERSION:
  2015
HOME:
  C:\Users\thomas.williams.THETRADEDESK
HOMEDRIVE:
  C:
HOMEPATH:
  \Users\thomas.williams.THETRADEDESK
INCLUDE:
  C:\Program Files (x86)\Microsoft Visual Studio\2019\professional\VC\Tools\MSVC\14.25.28610\ATLMFC\include;C:\Program Files (x86)\Microsoft Visual Studio\2019\professional\VC\Tools\MSVC\14.25.28610\include;C:\Program Files (x86)\Windows Kits\NETFXSDK\4.8\include\um;C:\Program Files (x86)\Windows Kits\10\include\10.0.18362.0\ucrt;C:\Program Files (x86)\Windows Kits\10\include\10.0.18362.0\shared;C:\Program Files (x86)\Windows Kits\10\include\10.0.18362.0\um;C:\Program Files (x86)\Windows Kits\10\include\10.0.18362.0\winrt;C:\Program Files (x86)\Windows Kits\10\include\10.0.18362.0\cppwinrt
INIT_CWD:
  C:\repos\18xx-renderer
JAVA_HOME:
  C:\Program Files\Java\jdk1.8.0_231
LANG:
  en_US.UTF-8
LIB:
  C:\Program Files (x86)\Microsoft Visual Studio\2019\professional\VC\Tools\MSVC\14.25.28610\ATLMFC\lib\x86;C:\Program Files (x86)\Microsoft Visual Studio\2019\professional\VC\Tools\MSVC\14.25.28610\lib\x86;C:\Program Files (x86)\Windows Kits\NETFXSDK\4.8\lib\um\x86;C:\Program Files (x86)\Windows Kits\10\lib\10.0.18362.0\ucrt\x86;C:\Program Files (x86)\Windows Kits\10\lib\10.0.18362.0\um\x86;
LIBPATH:
  C:\Program Files (x86)\Microsoft Visual Studio\2019\professional\VC\Tools\MSVC\14.25.28610\ATLMFC\lib\x86;C:\Program Files (x86)\Microsoft Visual Studio\2019\professional\VC\Tools\MSVC\14.25.28610\lib\x86;C:\Program Files (x86)\Microsoft Visual Studio\2019\professional\VC\Tools\MSVC\14.25.28610\lib\x86\store\references;C:\Program Files (x86)\Windows Kits\10\UnionMetadata\10.0.18362.0;C:\Program Files (x86)\Windows Kits\10\References\10.0.18362.0;C:\WINDOWS\Microsoft.NET\Framework\v4.0.30319;
LOCALAPPDATA:
  C:\Users\thomas.williams.THETRADEDESK\AppData\Local
LOGONSERVER:
  \\NYAD02
M2_HOME:
  C:\ProgramData\chocolatey\lib\maven\apache-maven-3.6.3
MSYSTEM:
  MINGW64
NETFXSDKDir:
  C:\Program Files (x86)\Windows Kits\NETFXSDK\4.8\
NODE:
  C:\Program Files\nodejs\node.exe
NODEJS:
  C:\Program Files\Nodejs
NODE_GYP_FORCE_PYTHON:
  C:\Python37\python.exe
NUMBER_OF_PROCESSORS:
  12
ORIGINAL_XDG_CURRENT_DESKTOP:
  undefined
OS:
  Windows_NT
OneDrive:
  C:\Users\thomas.williams.THETRADEDESK\OneDrive
OneDriveConsumer:
  C:\Users\thomas.williams.THETRADEDESK\OneDrive
PATH:
  C:\Users\thomas.williams.THETRADEDESK\AppData\Roaming\npm\node_modules\npm\node_modules\npm-lifecycle\node-gyp-bin;C:\repos\18xx-renderer\node_modules\.bin;C:\Program Files\Git\mingw64\bin;C:\Program Files\Git\usr\bin;C:\Users\thomas.williams.THETRADEDESK\bin;C:\Program Files (x86)\Microsoft Visual Studio\2019\professional\VC\Tools\MSVC\14.25.28610\bin\HostX86\x86;C:\Program Files (x86)\Microsoft Visual Studio\2019\professional\Common7\IDE\VC\VCPackages;C:\Program Files (x86)\Microsoft Visual Studio\2019\professional\Common7\IDE\CommonExtensions\Microsoft\TestWindow;C:\Program Files (x86)\Microsoft Visual Studio\2019\professional\Common7\IDE\CommonExtensions\Microsoft\TeamFoundation\Team Explorer;C:\Program Files (x86)\Microsoft Visual Studio\2019\professional\MSBuild\Current\bin\Roslyn;C:\Program Files (x86)\Microsoft Visual Studio\2019\professional\Team Tools\Performance Tools;C:\Program Files (x86)\Microsoft Visual Studio\Shared\Common\VSPerfCollectionTools\vs2019;C:\Program Files (x86)\Microsoft SDKs\Windows\v10.0A\bin\NETFX 4.8 Tools;C:\Program Files (x86)\Microsoft Visual Studio\2019\professional\Common7\IDE\CommonExtensions\Microsoft\FSharp;C:\Program Files (x86)\Windows Kits\10\bin\10.0.18362.0\x86;C:\Program Files (x86)\Windows Kits\10\bin\x86;C:\Program Files (x86)\Microsoft Visual Studio\2019\professional\MSBuild\Current\Bin;C:\WINDOWS\Microsoft.NET\Framework\v4.0.30319;C:\Program Files (x86)\Microsoft Visual Studio\2019\professional\Common7\IDE;C:\Program Files (x86)\Microsoft Visual Studio\2019\professional\Common7\Tools;C:\Python37\Scripts;C:\Python37;C:\Python38\Scripts;C:\Python38;C:\Program Files (x86)\Common Files\Oracle\Java\javapath;C:\WINDOWS\system32;C:\WINDOWS;C:\WINDOWS\System32\Wbem;C:\WINDOWS\System32\WindowsPowerShell\v1.0;C:\WINDOWS\System32\OpenSSH;C:\Program Files\Intel\WiFi\bin;C:\Program Files\Common Files\Intel\WirelessCommon;C:\ProgramData\chocolatey\bin;C:\Program Files\Amazon\AWSCLIV2;C:\opscode\chefdk\bin;C:\Program Files (x86)\Microsoft SQL Server\150\DTS\Binn;C:\Program Files\Java\jdk1.8.0_231\bin;C:\ProgramData\chocolatey\lib\maven\apache-maven-3.6.3\bin;C:\Program Files\dotnet;C:\Program Files\Microsoft SQL Server\130\Tools\Binn;C:\Program Files\Microsoft SQL Server\Client SDK\ODBC\170\Tools\Binn;C:\Program Files\Microsoft SQL Server\Client SDK\ODBC\130\Tools\Binn;C:\Program Files (x86)\Microsoft SQL Server\130\Tools\Binn;C:\Program Files\Microsoft SQL Server\130\DTS\Binn;C:\Program Files (x86)\dotnet;C:\tools\prometheus\prometheus-2.8.1.windows-amd64;C:\tools\alertmanager\alertmanager-0.16.2.windows-amd64;C:\Python27;C:\Python27\Scripts;C:\Program Files\nodejs;C:\Program Files\nodejs;C:\Program Files\Docker\Docker\resources\bin;C:\ProgramData\DockerDesktop\version-bin;C:\Program Files\TortoiseGit\bin;C:\Program Files (x86)\LINQPad5;C:\Program Files\Git\cmd;C:\Program Files\OpenSSH-Win64;C:\Users\thomas.williams.THETRADEDESK\AppData\Local\Microsoft\WindowsApps;C:\Program Files (x86)\LinqPad5;C:\dev\git-utils\alias-bin;C:\Users\thomas.williams.THETRADEDESK\.dotnet\tools;C:\Users\thomas.williams.THETRADEDESK\AppData\Local\Programs\Microsoft VS Code\bin;C:\Program Files\Nodejs;C:\Program Files\Git\usr\bin\git.exe;C:\Program Files\Git\usr\bin\cmd;C:\Users\thomas.williams.THETRADEDESK\AppData\Roaming\npm;C:\Program Files (x86)\Microsoft Visual Studio\2019\professional\Common7\IDE\CommonExtensions\Microsoft\CMake\CMake\bin;C:\Program Files (x86)\Microsoft Visual Studio\2019\professional\Common7\IDE\CommonExtensions\Microsoft\CMake\Ninja;C:\Program Files (x86)\Microsoft Visual Studio\2019\professional\Common7\IDE\VC\Linux\bin\ConnectionManagerExe
PATHEXT:
  .COM;.EXE;.BAT;.CMD;.VBS;.VBE;.JSE;.WSF;.WSH;.MSC;.PY;.PYW;.CPL
PLINK_PROTOCOL:
  ssh
PROCESSOR_ARCHITECTURE:
  AMD64
PROCESSOR_IDENTIFIER:
  Intel64 Family 6 Model 158 Stepping 10, GenuineIntel
PROCESSOR_LEVEL:
  6
PROCESSOR_REVISION:
  9e0a
PROGRAMFILES:
  C:\Program Files
PROMPT:
  $P$G
PSModulePath:
  C:\Users\thomas.williams.THETRADEDESK\Documents\WindowsPowerShell\Modules;C:\Program Files\WindowsPowerShell\Modules;C:\WINDOWS\system32\WindowsPowerShell\v1.0\Modules;C:\opscode\chefdk\modules\;C:\Program Files (x86)\Microsoft SQL Server\130\Tools\PowerShell\Modules\
PUBLIC:
  C:\Users\Public
PWD:
  C:/repos/18xx-renderer
PYTHON:
  C:\Python37\python.exe
Path:
  C:\Users\thomas.williams.THETRADEDESK\AppData\Roaming\npm\node_modules\npm\node_modules\npm-lifecycle\node-gyp-bin;C:\repos\18xx-renderer\node_modules\.bin;C:\Program Files\Git\mingw64\bin;C:\Program Files\Git\usr\bin;C:\Users\thomas.williams.THETRADEDESK\bin;C:\Program Files (x86)\Microsoft Visual Studio\2019\professional\VC\Tools\MSVC\14.25.28610\bin\HostX86\x86;C:\Program Files (x86)\Microsoft Visual Studio\2019\professional\Common7\IDE\VC\VCPackages;C:\Program Files (x86)\Microsoft Visual Studio\2019\professional\Common7\IDE\CommonExtensions\Microsoft\TestWindow;C:\Program Files (x86)\Microsoft Visual Studio\2019\professional\Common7\IDE\CommonExtensions\Microsoft\TeamFoundation\Team Explorer;C:\Program Files (x86)\Microsoft Visual Studio\2019\professional\MSBuild\Current\bin\Roslyn;C:\Program Files (x86)\Microsoft Visual Studio\2019\professional\Team Tools\Performance Tools;C:\Program Files (x86)\Microsoft Visual Studio\Shared\Common\VSPerfCollectionTools\vs2019;C:\Program Files (x86)\Microsoft SDKs\Windows\v10.0A\bin\NETFX 4.8 Tools;C:\Program Files (x86)\Microsoft Visual Studio\2019\professional\Common7\IDE\CommonExtensions\Microsoft\FSharp;C:\Program Files (x86)\Windows Kits\10\bin\10.0.18362.0\x86;C:\Program Files (x86)\Windows Kits\10\bin\x86;C:\Program Files (x86)\Microsoft Visual Studio\2019\professional\MSBuild\Current\Bin;C:\WINDOWS\Microsoft.NET\Framework\v4.0.30319;C:\Program Files (x86)\Microsoft Visual Studio\2019\professional\Common7\IDE;C:\Program Files (x86)\Microsoft Visual Studio\2019\professional\Common7\Tools;C:\Python37\Scripts;C:\Python37;C:\Python38\Scripts;C:\Python38;C:\Program Files (x86)\Common Files\Oracle\Java\javapath;C:\WINDOWS\system32;C:\WINDOWS;C:\WINDOWS\System32\Wbem;C:\WINDOWS\System32\WindowsPowerShell\v1.0;C:\WINDOWS\System32\OpenSSH;C:\Program Files\Intel\WiFi\bin;C:\Program Files\Common Files\Intel\WirelessCommon;C:\ProgramData\chocolatey\bin;C:\Program Files\Amazon\AWSCLIV2;C:\opscode\chefdk\bin;C:\Program Files (x86)\Microsoft SQL Server\150\DTS\Binn;C:\Program Files\Java\jdk1.8.0_231\bin;C:\ProgramData\chocolatey\lib\maven\apache-maven-3.6.3\bin;C:\Program Files\dotnet;C:\Program Files\Microsoft SQL Server\130\Tools\Binn;C:\Program Files\Microsoft SQL Server\Client SDK\ODBC\170\Tools\Binn;C:\Program Files\Microsoft SQL Server\Client SDK\ODBC\130\Tools\Binn;C:\Program Files (x86)\Microsoft SQL Server\130\Tools\Binn;C:\Program Files\Microsoft SQL Server\130\DTS\Binn;C:\Program Files (x86)\dotnet;C:\tools\prometheus\prometheus-2.8.1.windows-amd64;C:\tools\alertmanager\alertmanager-0.16.2.windows-amd64;C:\Python27;C:\Python27\Scripts;C:\Program Files\nodejs;C:\Program Files\nodejs;C:\Program Files\Docker\Docker\resources\bin;C:\ProgramData\DockerDesktop\version-bin;C:\Program Files\TortoiseGit\bin;C:\Program Files (x86)\LINQPad5;C:\Program Files\Git\cmd;C:\Program Files\OpenSSH-Win64;C:\Users\thomas.williams.THETRADEDESK\AppData\Local\Microsoft\WindowsApps;C:\Program Files (x86)\LinqPad5;C:\dev\git-utils\alias-bin;C:\Users\thomas.williams.THETRADEDESK\.dotnet\tools;C:\Users\thomas.williams.THETRADEDESK\AppData\Local\Programs\Microsoft VS Code\bin;C:\Program Files\Nodejs;C:\Program Files\Git\usr\bin\git.exe;C:\Program Files\Git\usr\bin\cmd;C:\Users\thomas.williams.THETRADEDESK\AppData\Roaming\npm;C:\Program Files (x86)\Microsoft Visual Studio\2019\professional\Common7\IDE\CommonExtensions\Microsoft\CMake\CMake\bin;C:\Program Files (x86)\Microsoft Visual Studio\2019\professional\Common7\IDE\CommonExtensions\Microsoft\CMake\Ninja;C:\Program Files (x86)\Microsoft Visual Studio\2019\professional\Common7\IDE\VC\Linux\bin\ConnectionManagerExe
ProgramData:
  C:\ProgramData
ProgramFiles(x86):
  C:\Program Files (x86)
ProgramW6432:
  C:\Program Files
SHLVL:
  2
SYSTEMDRIVE:
  C:
SYSTEMROOT:
  C:\WINDOWS
TEMP:
  C:\Users\THOMAS~1.THE\AppData\Local\Temp
TERM:
  xterm-256color
TERM_PROGRAM:
  vscode
TERM_PROGRAM_VERSION:
  1.48.1
TMP:
  C:\Users\THOMAS~1.THE\AppData\Local\Temp
TTD_ENVIRONMENT:
  Development
TTD_GIT:
  C:\Program Files\Git\bin\git.exe
TTD_JAVA:
  C:\Program Files\Java\jdk1.8.0_231\bin\java.exe
TTD_MSBUILD:
  C:\Program Files (x86)\Microsoft Visual Studio\2019\Professional\MSBuild\Current\Bin\MSBuild.exe
TTD_MSTEST:
  C:\Program Files (x86)\Microsoft Visual Studio\2019\Professional\Common7\IDE\MSTest.exe
TTD_MVN:
  C:\ProgramData\chocolatey\lib\maven\apache-maven-3.6.3\bin\mvn.cmd
TTD_NPM:
  C:\Program Files\nodejs\npm.cmd
TTD_NUGET:
  C:\Windows\NuGet.exe
TTD_PYTHON2:
  C:\Python27\python.exe
TTD_PYTHON3:
  C:\Python38\python.exe
TTD_PYTHON37:
  C:\Python37\python.exe
TTD_PYTHON38:
  C:\Python38\python.exe
TTD_SQLCMD:
  C:\Program Files\Microsoft SQL Server\Client SDK\ODBC\130\Tools\Binn\SQLCMD.EXE
TTD_TEXTTRANSFORM:
  C:\Program Files (x86)\Microsoft Visual Studio\2019\Professional\Common7\IDE\TextTransform.exe
TTD_VSQL:
  C:\Program Files\Vertica Systems\VSQL64\vsql.exe
TTD_VSTEST:
  C:\Program Files (x86)\Microsoft Visual Studio\2019\Professional\Common7\IDE\CommonExtensions\Microsoft\TestWindow\vstest.console.exe
UCRTVersion:
  10.0.18362.0
USERDNSDOMAIN:
  THETRADEDESK.COM
USERDOMAIN:
  THETRADEDESK
USERDOMAIN_ROAMINGPROFILE:
  THETRADEDESK
USERNAME:
  thomas.williams
USERPROFILE:
  C:\Users\thomas.williams.THETRADEDESK
UniversalCRTSdkDir:
  C:\Program Files (x86)\Windows Kits\10\
VCIDEInstallDir:
  C:\Program Files (x86)\Microsoft Visual Studio\2019\professional\Common7\IDE\VC\
VCINSTALLDIR:
  C:\Program Files (x86)\Microsoft Visual Studio\2019\professional\VC\
VCToolsInstallDir:
  C:\Program Files (x86)\Microsoft Visual Studio\2019\professional\VC\Tools\MSVC\14.25.28610\
VCToolsRedistDir:
  C:\Program Files (x86)\Microsoft Visual Studio\2019\professional\VC\Redist\MSVC\14.25.28508\
VCToolsVersion:
  14.25.28610
VS140COMNTOOLS:
  C:\Program Files (x86)\Microsoft Visual Studio 14.0\Common7\Tools\
VS160COMNTOOLS:
  C:\Program Files (x86)\Microsoft Visual Studio\2019\professional\Common7\Tools\
VSCMD_ARG_HOST_ARCH:
  x86
VSCMD_ARG_TGT_ARCH:
  x86
VSCMD_ARG_app_plat:
  Desktop
VSCMD_VER:
  16.5.1
VSCODE_GIT_ASKPASS_MAIN:
  c:\Users\thomas.williams.THETRADEDESK\AppData\Local\Programs\Microsoft VS Code\resources\app\extensions\git\dist\askpass-main.js
VSCODE_GIT_ASKPASS_NODE:
  C:\Users\thomas.williams.THETRADEDESK\AppData\Local\Programs\Microsoft VS Code\Code.exe
VSCODE_GIT_IPC_HANDLE:
  \\.\pipe\vscode-git-e596b1298e-sock
VSINSTALLDIR:
  C:\Program Files (x86)\Microsoft Visual Studio\2019\professional\
VS_HOME:
  C:\Program Files (x86)\Microsoft Visual Studio\2019\Professional
VisualStudioVersion:
  16.0
WINDIR:
  C:\WINDOWS
WIX:
  C:\Program Files (x86)\WiX Toolset v3.11\
WSLENV:
  WT_SESSION::WT_PROFILE_ID
WT_PROFILE_ID:
  {61c54bbd-c2c6-5271-96e7-009a87ff44bf}
WT_SESSION:
  de844d35-1f7f-4b24-950d-62e103a9d4cb
WindowsLibPath:
  C:\Program Files (x86)\Windows Kits\10\UnionMetadata\10.0.18362.0;C:\Program Files (x86)\Windows Kits\10\References\10.0.18362.0
WindowsSDKLibVersion:
  10.0.18362.0\
WindowsSDKVersion:
  10.0.18362.0\
WindowsSDK_ExecutablePath_x64:
  C:\Program Files (x86)\Microsoft SDKs\Windows\v10.0A\bin\NETFX 4.8 Tools\x64\
WindowsSDK_ExecutablePath_x86:
  C:\Program Files (x86)\Microsoft SDKs\Windows\v10.0A\bin\NETFX 4.8 Tools\
WindowsSdkBinPath:
  C:\Program Files (x86)\Windows Kits\10\bin\
WindowsSdkDir:
  C:\Program Files (x86)\Windows Kits\10\
WindowsSdkVerBinPath:
  C:\Program Files (x86)\Windows Kits\10\bin\10.0.18362.0\
_:
  C:/Program Files/nodejs/node.exe
__DOTNET_ADD_32BIT:
  1
__DOTNET_PREFERRED_BITNESS:
  32
__VSCMD_PREINIT_PATH:
  C:\Python37\Scripts\;C:\Python37\;C:\Python38\Scripts\;C:\Python38\;C:\Program Files (x86)\Common Files\Oracle\Java\javapath;C:\WINDOWS\system32;C:\WINDOWS;C:\WINDOWS\System32\Wbem;C:\WINDOWS\System32\WindowsPowerShell\v1.0\;C:\WINDOWS\System32\OpenSSH\;C:\Program Files\Intel\WiFi\bin\;C:\Program Files\Common Files\Intel\WirelessCommon\;C:\ProgramData\chocolatey\bin;C:\Program Files\Amazon\AWSCLIV2\;C:\opscode\chefdk\bin\;C:\Program Files (x86)\Microsoft SQL Server\150\DTS\Binn\;C:\Program Files\Java\jdk1.8.0_231\bin;C:\ProgramData\chocolatey\lib\maven\apache-maven-3.6.3\bin;C:\Program Files\dotnet\;C:\Program Files\Microsoft SQL Server\130\Tools\Binn\;C:\Program Files\Microsoft SQL Server\Client SDK\ODBC\170\Tools\Binn\;C:\Program Files\Microsoft SQL Server\Client SDK\ODBC\130\Tools\Binn\;C:\Program Files (x86)\Microsoft SQL Server\130\Tools\Binn\;C:\Program Files\Microsoft SQL Server\130\DTS\Binn\;C:\Program Files (x86)\dotnet\;C:\tools\prometheus\prometheus-2.8.1.windows-amd64;C:\tools\alertmanager\alertmanager-0.16.2.windows-amd64;C:\Python27;C:\Python27\Scripts;C:\Program Files\nodejs;C:\Program Files\nodejs\;C:\Program Files\Docker\Docker\resources\bin;C:\ProgramData\DockerDesktop\version-bin;C:\Program Files\TortoiseGit\bin;C:\Program Files (x86)\LINQPad5;C:\Program Files\Git\cmd;C:\Program Files\OpenSSH-Win64;C:\Users\thomas.williams.THETRADEDESK\AppData\Local\Microsoft\WindowsApps;C:\Program Files (x86)\LinqPad5;c:\dev\git-utils\alias-bin;C:\Users\thomas.williams.THETRADEDESK\.dotnet\tools;C:\Users\thomas.williams.THETRADEDESK\AppData\Local\Programs\Microsoft VS Code\bin;C:\Program Files\Nodejs;C:\Program Files\Git\bin\git.exe;C:\Program Files\Git\bin\cmd;C:\Users\thomas.williams.THETRADEDESK\AppData\Roaming\npm
_prog:
  node
configsetroot:
  C:\WINDOWS\ConfigSetRoot
dp0:
  C:\repos\18xx-renderer\node_modules\.bin\
npm_config_access:
  
npm_config_allow_same_version:
  
npm_config_also:
  
npm_config_always_auth:
  
npm_config_argv:
  {"remain":["--fix"],"cooked":["run","lint","--","--fix"],"original":["run","lint","--","--fix"]}
npm_config_audit:
  true
npm_config_audit_level:
  low
npm_config_auth_type:
  legacy
npm_config_before:
  
npm_config_bin_links:
  true
npm_config_browser:
  
npm_config_ca:
  
npm_config_cache:
  C:\Users\thomas.williams.THETRADEDESK\AppData\Roaming\npm-cache
npm_config_cache_lock_retries:
  10
npm_config_cache_lock_stale:
  60000
npm_config_cache_lock_wait:
  10000
npm_config_cache_max:
  Infinity
npm_config_cache_min:
  10
npm_config_cafile:
  
npm_config_cert:
  
npm_config_cidr:
  
npm_config_color:
  true
npm_config_commit_hooks:
  true
npm_config_depth:
  Infinity
npm_config_description:
  true
npm_config_dev:
  
npm_config_dry_run:
  
npm_config_editor:
  notepad.exe
npm_config_engine_strict:
  
npm_config_fetch_retries:
  2
npm_config_fetch_retry_factor:
  10
npm_config_fetch_retry_maxtimeout:
  60000
npm_config_fetch_retry_mintimeout:
  10000
npm_config_force:
  
npm_config_format_package_lock:
  true
npm_config_fund:
  true
npm_config_git:
  git
npm_config_git_tag_version:
  true
npm_config_global:
  
npm_config_global_style:
  
npm_config_globalconfig:
  C:\Users\thomas.williams.THETRADEDESK\AppData\Roaming\npm\etc\npmrc
npm_config_globalignorefile:
  C:\Users\thomas.williams.THETRADEDESK\AppData\Roaming\npm\etc\npmignore
npm_config_group:
  
npm_config_ham_it_up:
  
npm_config_heading:
  npm
npm_config_https_proxy:
  
npm_config_if_present:
  
npm_config_ignore_prepublish:
  
npm_config_ignore_scripts:
  
npm_config_init_author_email:
  
npm_config_init_author_name:
  
npm_config_init_author_url:
  
npm_config_init_license:
  ISC
npm_config_init_module:
  C:\Users\thomas.williams.THETRADEDESK\.npm-init.js
npm_config_init_version:
  1.0.0
npm_config_json:
  
npm_config_key:
  
npm_config_legacy_bundling:
  
npm_config_link:
  
npm_config_local_address:
  
npm_config_loglevel:
  notice
npm_config_logs_max:
  10
npm_config_long:
  
npm_config_maxsockets:
  50
npm_config_message:
  %s
npm_config_metrics_registry:
  https://registry.npmjs.org/
npm_config_msbuild_path:
  C:\Program Files (x86)\Microsoft Visual Studio\2019\professional\MSBuild\Current\Bin\MSBuild.exe
npm_config_msvs_version:
  
npm_config_node_gyp:
  C:\Users\thomas.williams.THETRADEDESK\AppData\Roaming\npm\node_modules\npm\node_modules\node-gyp\bin\node-gyp.js
npm_config_node_options:
  
npm_config_node_version:
  12.13.0
npm_config_noproxy:
  
npm_config_offline:
  
npm_config_onload_script:
  
npm_config_only:
  
npm_config_optional:
  true
npm_config_otp:
  
npm_config_package_lock:
  true
npm_config_package_lock_only:
  
npm_config_parseable:
  
npm_config_prefer_offline:
  
npm_config_prefer_online:
  
npm_config_prefix:
  C:\Users\thomas.williams.THETRADEDESK\AppData\Roaming\npm
npm_config_preid:
  
npm_config_production:
  
npm_config_progress:
  true
npm_config_proxy:
  
npm_config_read_only:
  
npm_config_rebuild_bundle:
  true
npm_config_registry:
  https://registry.npmjs.org/
npm_config_rollback:
  true
npm_config_save:
  true
npm_config_save_bundle:
  
npm_config_save_dev:
  
npm_config_save_exact:
  
npm_config_save_optional:
  
npm_config_save_prefix:
  ^
npm_config_save_prod:
  
npm_config_scope:
  
npm_config_script_shell:
  
npm_config_scripts_prepend_node_path:
  warn-only
npm_config_searchexclude:
  
npm_config_searchlimit:
  20
npm_config_searchopts:
  
npm_config_searchstaleness:
  900
npm_config_send_metrics:
  
npm_config_shell:
  C:\WINDOWS\system32\cmd.exe
npm_config_shrinkwrap:
  true
npm_config_sign_git_commit:
  
npm_config_sign_git_tag:
  
npm_config_sso_poll_frequency:
  500
npm_config_sso_type:
  oauth
npm_config_strict_ssl:
  true
npm_config_tag:
  latest
npm_config_tag_version_prefix:
  v
npm_config_timing:
  
npm_config_tmp:
  C:\Users\THOMAS~1.THE\AppData\Local\Temp
npm_config_umask:
  0000
npm_config_unicode:
  
npm_config_unsafe_perm:
  true
npm_config_update_notifier:
  true
npm_config_usage:
  
npm_config_user:
  
npm_config_user_agent:
  npm/6.14.8 node/v12.13.0 win32 x64
npm_config_userconfig:
  C:\Users\thomas.williams.THETRADEDESK\.npmrc
npm_config_version:
  
npm_config_versions:
  
npm_config_viewer:
  browser
npm_execpath:
  C:\Users\thomas.williams.THETRADEDESK\AppData\Roaming\npm\node_modules\npm\bin\npm-cli.js
npm_lifecycle_event:
  lint
npm_lifecycle_script:
  beemo eslint ./src "--fix"
npm_node_execpath:
  C:\Program Files\nodejs\node.exe
npm_package_author_name:
  Thomas Williams
npm_package_author_url:
  tom.loel.williams@outlook.com
npm_package_beemo_drivers_0:
  babel
npm_package_beemo_drivers_1:
  eslint
npm_package_beemo_drivers_2:
  jest
npm_package_beemo_drivers_3:
  prettier
npm_package_beemo_drivers_4:
  typescript
npm_package_beemo_module:
  @milesj/build-tools
npm_package_browserslist_0:
  ie 11
npm_package_bugs_url:
  https://github.com/Alphy11/18xx-renderer/issues
npm_package_dependencies_ramda:
  ^0.27.1
npm_package_dependencies_react:
  ^16.13.1
npm_package_dependencies_react_dom:
  ^16.13.1
npm_package_dependencies_tinycolor2:
  ^1.4.1
npm_package_description:
  A renderer for 18xx game components
npm_package_devDependencies__babel_core:
  ^7.11.4
npm_package_devDependencies__beemo_core:
  ^1.1.8
npm_package_devDependencies__milesj_build_tools:
  ^2.10.1
npm_package_devDependencies__storybook_addon_actions:
  ^6.0.16
npm_package_devDependencies__storybook_addon_essentials:
  ^6.0.16
npm_package_devDependencies__storybook_addon_links:
  ^6.0.16
npm_package_devDependencies__storybook_react:
  ^6.0.16
npm_package_devDependencies_babel_loader:
  ^8.1.0
npm_package_devDependencies_react_is:
  ^16.13.1
npm_package_engines_node:
  >=10.10.0
npm_package_gitHead:
  6ca2a7d6a94791005ab742009559fbacdcc0eb0e
npm_package_homepage:
  https://github.com/Alphy11/18xx-renderer#readme
npm_package_keywords_0:
  18xx-maker
npm_package_keywords_1:
  18xx
npm_package_license:
  MIT
npm_package_main:
  ./lib/index.js
npm_package_module:
  ./esm/index.js
npm_package_name:
  18xx-renderer
npm_package_readmeFilename:
  README.md
npm_package_repository_type:
  git
npm_package_repository_url:
  git+https://github.com/Alphy11/18xx-renderer.git
npm_package_scripts_build:
  beemo run-script build
npm_package_scripts_build_storybook:
  build-storybook
npm_package_scripts_ci:
  yarn run type && yarn run test && yarn run lint
npm_package_scripts_coverage:
  yarn run test --coverage
npm_package_scripts_format:
  beemo prettier
npm_package_scripts_lint:
  beemo eslint ./src "--fix"
npm_package_scripts_prepare:
  beemo create-config --silent
npm_package_scripts_prerelease:
  yarn test && yarn run build
npm_package_scripts_release:
  npx np --yolo
npm_package_scripts_storybook:
  start-storybook -p 6006
npm_package_scripts_test:
  beemo jest
npm_package_scripts_type:
  beemo typescript --noEmit
npm_package_sideEffects:
  false
npm_package_types:
  ./lib/index.d.ts
npm_package_version:
  0.0.0
python2:
  C:\Python27